<?xml version="1.0" encoding="UTF-8"?>
<testng-results ignored="0" total="1" passed="1" failed="0" skipped="0">
  <reporter-output>
  </reporter-output>
  <suite started-at="2024-04-24T19:59:09 PKT" name="Default suite" finished-at="2024-04-24T19:59:21 PKT" duration-ms="11524">
    <groups>
    </groups>
    <test started-at="2024-04-24T19:59:09 PKT" name="Default test" finished-at="2024-04-24T19:59:21 PKT" duration-ms="11524">
      <class name="test_cases.login_tests">
        <test-method is-config="true" signature="stepup()[pri:0, instance:test_cases.login_tests@6574a52c]" started-at="2024-04-24T19:59:09 PKT" name="stepup" finished-at="2024-04-24T19:59:17 PKT" duration-ms="8319" status="PASS">
          <reporter-output>
          </reporter-output>
        </test-method> <!-- stepup -->
        <test-method signature="Login()[pri:0, instance:test_cases.login_tests@6574a52c]" started-at="2024-04-24T19:59:17 PKT" name="Login" finished-at="2024-04-24T19:59:21 PKT" duration-ms="3119" status="PASS">
          <reporter-output>
          </reporter-output>
        </test-method> <!-- Login -->
      </class> <!-- test_cases.login_tests -->
    </test> <!-- Default test -->
  </suite> <!-- Default suite -->
</testng-results>
